c:\users\mahmo\onedrive\desktop\smart_farm\aliya_smart_farm\sw\src\asf\asf\asf\x64\debug\vc143.pdb
c:\users\mahmo\onedrive\desktop\smart_farm\aliya_smart_farm\sw\src\asf\asf\asf\x64\debug\vc143.idb
c:\users\mahmo\onedrive\desktop\smart_farm\aliya_smart_farm\sw\src\asf\asf\asf\x64\debug\asf.nativecodeanalysis.sarif
c:\users\mahmo\onedrive\desktop\smart_farm\aliya_smart_farm\sw\src\asf\asf\asf\x64\debug\asf.nativecodeanalysis.xml
c:\users\mahmo\onedrive\desktop\smart_farm\aliya_smart_farm\sw\src\asf\asf\asf\x64\debug\hvac.nativecodeanalysis.sarif
c:\users\mahmo\onedrive\desktop\smart_farm\aliya_smart_farm\sw\src\asf\asf\asf\x64\debug\hvac.nativecodeanalysis.xml
c:\users\mahmo\onedrive\desktop\smart_farm\aliya_smart_farm\sw\src\asf\asf\asf\x64\debug\sensor_h.nativecodeanalysis.sarif
c:\users\mahmo\onedrive\desktop\smart_farm\aliya_smart_farm\sw\src\asf\asf\asf\x64\debug\sensor_h.nativecodeanalysis.xml
c:\users\mahmo\onedrive\desktop\smart_farm\aliya_smart_farm\sw\src\asf\asf\asf\x64\debug\sensor_h.obj
c:\users\mahmo\onedrive\desktop\smart_farm\aliya_smart_farm\sw\src\asf\asf\asf\x64\debug\hvac.obj
c:\users\mahmo\onedrive\desktop\smart_farm\aliya_smart_farm\sw\src\asf\asf\asf\x64\debug\asf.obj
c:\users\mahmo\onedrive\desktop\smart_farm\aliya_smart_farm\sw\src\asf\asf\asf\x64\debug\diag_h.obj
c:\users\mahmo\onedrive\desktop\smart_farm\aliya_smart_farm\sw\src\asf\asf\x64\debug\asf.exe
c:\users\mahmo\onedrive\desktop\smart_farm\aliya_smart_farm\sw\src\asf\asf\asf\x64\debug\asf.ilk
c:\users\mahmo\onedrive\desktop\smart_farm\aliya_smart_farm\sw\src\asf\asf\x64\debug\asf.pdb
c:\users\mahmo\onedrive\desktop\smart_farm\aliya_smart_farm\sw\src\asf\asf\asf\x64\debug\vc.nativecodeanalysis.all.xml
c:\users\mahmo\onedrive\desktop\smart_farm\aliya_smart_farm\sw\src\asf\asf\asf\x64\debug\asf.tlog\cl.command.1.tlog
c:\users\mahmo\onedrive\desktop\smart_farm\aliya_smart_farm\sw\src\asf\asf\asf\x64\debug\asf.tlog\cl.items.tlog
c:\users\mahmo\onedrive\desktop\smart_farm\aliya_smart_farm\sw\src\asf\asf\asf\x64\debug\asf.tlog\cl.read.1.tlog
c:\users\mahmo\onedrive\desktop\smart_farm\aliya_smart_farm\sw\src\asf\asf\asf\x64\debug\asf.tlog\cl.write.1.tlog
c:\users\mahmo\onedrive\desktop\smart_farm\aliya_smart_farm\sw\src\asf\asf\asf\x64\debug\asf.tlog\link.command.1.tlog
c:\users\mahmo\onedrive\desktop\smart_farm\aliya_smart_farm\sw\src\asf\asf\asf\x64\debug\asf.tlog\link.read.1.tlog
c:\users\mahmo\onedrive\desktop\smart_farm\aliya_smart_farm\sw\src\asf\asf\asf\x64\debug\asf.tlog\link.write.1.tlog
